Compilación iniciada a las 01/11/2015 18:16:15.
     1>Proyecto "C:\Users\emilio\Documents\GitHub\pt_practica2\CLIENTE_SMTP\CLIENTE_SMTP\CLIENTE_SMTP.vcxproj" en el nodo 2 (Build destinos).
     1>ClCompile:
         C:\Program Files (x86)\Microsoft Visual Studio 11.0\VC\bin\CL.exe /c /ZI /nologo /W3 /WX- /Od /Oy- /D WIN32 /D _DEBUG /D _CONSOLE /D _UNICODE /D UNICODE /Gm /EHsc /RTC1 /MDd /GS /fp:precise /Zc:wchar_t /Zc:forScope /Fo"Debug\\" /Fd"Debug\vc110.pdb" /Gd /TC /analyze- /errorReport:prompt cliente.c
         cliente.c
     1>c:\users\emilio\documents\github\pt_practica2\cliente_smtp\cliente_smtp\cliente.c(66): warning C4996: 'gets': This function or variable may be unsafe. Consider using gets_s instead. To disable deprecation, use _CRT_SECURE_NO_WARNINGS. See online help for details.
                 c:\program files (x86)\microsoft visual studio 11.0\vc\include\stdio.h(261) : vea la declaración de 'gets'
     1>c:\users\emilio\documents\github\pt_practica2\cliente_smtp\cliente_smtp\cliente.c(69): warning C4996: 'strcpy': This function or variable may be unsafe. Consider using strcpy_s instead. To disable deprecation, use _CRT_SECURE_NO_WARNINGS. See online help for details.
                 c:\program files (x86)\microsoft visual studio 11.0\vc\include\string.h(110) : vea la declaración de 'strcpy'
     1>c:\users\emilio\documents\github\pt_practica2\cliente_smtp\cliente_smtp\cliente.c(110): warning C4996: 'gets': This function or variable may be unsafe. Consider using gets_s instead. To disable deprecation, use _CRT_SECURE_NO_WARNINGS. See online help for details.
                 c:\program files (x86)\microsoft visual studio 11.0\vc\include\stdio.h(261) : vea la declaración de 'gets'
     1>c:\users\emilio\documents\github\pt_practica2\cliente_smtp\cliente_smtp\cliente.c(115): warning C4996: 'gets': This function or variable may be unsafe. Consider using gets_s instead. To disable deprecation, use _CRT_SECURE_NO_WARNINGS. See online help for details.
                 c:\program files (x86)\microsoft visual studio 11.0\vc\include\stdio.h(261) : vea la declaración de 'gets'
     1>c:\users\emilio\documents\github\pt_practica2\cliente_smtp\cliente_smtp\cliente.c(128): warning C4996: 'gets': This function or variable may be unsafe. Consider using gets_s instead. To disable deprecation, use _CRT_SECURE_NO_WARNINGS. See online help for details.
                 c:\program files (x86)\microsoft visual studio 11.0\vc\include\stdio.h(261) : vea la declaración de 'gets'
     1>c:\users\emilio\documents\github\pt_practica2\cliente_smtp\cliente_smtp\cliente.c(134): warning C4996: 'gets': This function or variable may be unsafe. Consider using gets_s instead. To disable deprecation, use _CRT_SECURE_NO_WARNINGS. See online help for details.
                 c:\program files (x86)\microsoft visual studio 11.0\vc\include\stdio.h(261) : vea la declaración de 'gets'
     1>c:\users\emilio\documents\github\pt_practica2\cliente_smtp\cliente_smtp\cliente.c(24): warning C4101: 'comprueba' : variable local sin referencia
       Link:
         C:\Program Files (x86)\Microsoft Visual Studio 11.0\VC\bin\link.exe /ERRORREPORT:PROMPT /OUT:"C:\Users\emilio\Documents\GitHub\pt_practica2\CLIENTE_SMTP\Debug\CLIENTE_SMTP.exe" /INCREMENTAL /NOLOGO wsock32.lib kernel32.lib user32.lib gdi32.lib winspool.lib comdlg32.lib advapi32.lib shell32.lib ole32.lib oleaut32.lib uuid.lib odbc32.lib odbccp32.lib kernel32.lib user32.lib gdi32.lib winspool.lib comdlg32.lib advapi32.lib shell32.lib ole32.lib oleaut32.lib uuid.lib odbc32.lib odbccp32.lib /MANIFEST /MANIFESTUAC:"level='asInvoker' uiAccess='false'" /manifest:embed /DEBUG /PDB:"C:\Users\emilio\Documents\GitHub\pt_practica2\CLIENTE_SMTP\Debug\CLIENTE_SMTP.pdb" /SUBSYSTEM:CONSOLE /TLBID:1 /DYNAMICBASE /NXCOMPAT /IMPLIB:"C:\Users\emilio\Documents\GitHub\pt_practica2\CLIENTE_SMTP\Debug\CLIENTE_SMTP.lib" /MACHINE:X86 Debug\cliente.obj
         Debug\Source.obj
         CLIENTE_SMTP.vcxproj -> C:\Users\emilio\Documents\GitHub\pt_practica2\CLIENTE_SMTP\Debug\CLIENTE_SMTP.exe
     1>Compilación del proyecto terminada "C:\Users\emilio\Documents\GitHub\pt_practica2\CLIENTE_SMTP\CLIENTE_SMTP\CLIENTE_SMTP.vcxproj" (Build destinos).

Compilación correcta.

Tiempo transcurrido 00:00:02.28
